<?xml version="1.0" encoding="UTF-8"?>
<testng-results skipped="0" failed="0" ignored="0" total="1" passed="1">
  <reporter-output>
  </reporter-output>
  <suite name="Default suite" duration-ms="17790" started-at="2018-09-07T12:31:12Z" finished-at="2018-09-07T12:31:30Z">
    <groups>
    </groups>
    <test name="Default test" duration-ms="17790" started-at="2018-09-07T12:31:12Z" finished-at="2018-09-07T12:31:30Z">
      <class name="com.chs.testsAccount.LoginTest">
        <test-method status="PASS" signature="setUp(java.lang.String)[pri:0, instance:com.chs.testsAccount.LoginTest@3e14c16d]" name="setUp" is-config="true" duration-ms="17530" started-at="2018-09-07T12:31:12Z" finished-at="2018-09-07T12:31:30Z">
          <params>
            <param index="0">
              <value is-null="true"/>
            </param>
          </params>
          <reporter-output>
          </reporter-output>
        </test-method> <!-- setUp -->
        <test-method status="PASS" signature="defaultSavings()[pri:1, instance:com.chs.testsAccount.LoginTest@3e14c16d]" name="defaultSavings" duration-ms="142" started-at="2018-09-07T12:31:30Z" description="LoginTest" finished-at="2018-09-07T12:31:30Z">
          <reporter-output>
          </reporter-output>
        </test-method> <!-- defaultSavings -->
        <test-method status="PASS" signature="tearDown()[pri:0, instance:com.chs.testsAccount.LoginTest@3e14c16d]" name="tearDown" is-config="true" duration-ms="1" started-at="2018-09-07T12:31:30Z" finished-at="2018-09-07T12:31:30Z">
          <reporter-output>
          </reporter-output>
        </test-method> <!-- tearDown -->
      </class> <!-- com.chs.testsAccount.LoginTest -->
    </test> <!-- Default test -->
  </suite> <!-- Default suite -->
</testng-results>
