<?xml version="1.0" encoding="UTF-8"?>
<!-- Generated by org.testng.reporters.JUnitXMLReporter -->
<testsuite hostname="Botiraka-PC" ignored="0" name="Login Test" tests="3" failures="0" timestamp="07 Sep 2018 18:24:50 GMT" time="13.697" errors="0">
  <testcase name="LoginSetUp" time="0.146" classname="com.chs.testsCases.LoginTest"/>
  <testcase name="StudentSign" time="0.862" classname="com.chs.testsCases.LoginTest"/>
  <testcase name="fillOutForm" time="7.55" classname="com.chs.testsCases.LoginTest"/>
</testsuite> <!-- Login Test -->
